<?xml version="1.0" encoding="UTF-8"?>
<!-- Generated by org.testng.reporters.JUnitXMLReporter -->
<testsuite hostname="Antons-MacBook-Pro.local" ignored="0" name="regression" tests="1" failures="1" timestamp="06 May 2019 03:10:33 GMT" time="0.149" errors="0">
  <testcase name="GoogleTest1" time="0.071" classname="ui.LoginPageAT">
    <failure type="java.lang.IllegalStateException" message="The driver executable does not exist: /Users/val/Desktop/qastarting_repo/src/test/resources/chromedriver">
      <![CDATA[java.lang.IllegalStateException: The driver executable does not exist: /Users/val/Desktop/qastarting_repo/src/test/resources/chromedriver
at com.google.common.base.Preconditions.checkState(Preconditions.java:518)
at org.openqa.selenium.remote.service.DriverService.checkExecutable(DriverService.java:136)
at org.openqa.selenium.remote.service.DriverService.findExecutable(DriverService.java:131)
at org.openqa.selenium.chrome.ChromeDriverService.access$000(ChromeDriverService.java:32)
at org.openqa.selenium.chrome.ChromeDriverService$Builder.findDefaultExecutable(ChromeDriverService.java:137)
at org.openqa.selenium.remote.service.DriverService$Builder.build(DriverService.java:330)
at org.openqa.selenium.chrome.ChromeDriverService.createDefaultService(ChromeDriverService.java:88)
at org.openqa.selenium.chrome.ChromeDriver.<init>(ChromeDriver.java:148)
at web.driver.factory.DriverType$2.getWebDriverObject(DriverType.java:48)
at web.driver.factory.DriverThread.instantiateWebDriver(DriverThread.java:45)
at web.driver.factory.DriverThread.getDriver(DriverThread.java:17)
at web.driver.factory.DriverFactory.getDriver(DriverFactory.java:42)
at ui.LoginPageAT.GoogleTest1(LoginPageAT.java:47)
at java.util.concurrent.ThreadPoolExecutor.runWorker(ThreadPoolExecutor.java:1149)
at java.util.concurrent.ThreadPoolExecutor$Worker.run(ThreadPoolExecutor.java:624)
at java.lang.Thread.run(Thread.java:748)
... Removed 10 stack frames]]>
    </failure>
  </testcase> <!-- GoogleTest1 -->
</testsuite> <!-- regression -->
