-------------------------------------------------------------------------------
Test set: TestSuite
-------------------------------------------------------------------------------
Tests run: 1, Failures: 1, Errors: 0, Skipped: 0, Time elapsed: 0.681 sec <<< FAILURE! - in TestSuite
GoogleTest1(ui.LoginPageAT)  Time elapsed: 0.078 sec  <<< FAILURE!
java.lang.IllegalStateException: The driver executable does not exist: /Users/val/Desktop/qastarting_repo/src/test/resources/chromedriver
	at com.google.common.base.Preconditions.checkState(Preconditions.java:518)
	at org.openqa.selenium.remote.service.DriverService.checkExecutable(DriverService.java:136)
	at org.openqa.selenium.remote.service.DriverService.findExecutable(DriverService.java:131)
	at org.openqa.selenium.chrome.ChromeDriverService.access$000(ChromeDriverService.java:32)
	at org.openqa.selenium.chrome.ChromeDriverService$Builder.findDefaultExecutable(ChromeDriverService.java:137)
	at org.openqa.selenium.remote.service.DriverService$Builder.build(DriverService.java:330)
	at org.openqa.selenium.chrome.ChromeDriverService.createDefaultService(ChromeDriverService.java:88)
	at org.openqa.selenium.chrome.ChromeDriver.<init>(ChromeDriver.java:148)
	at web.driver.factory.DriverType$2.getWebDriverObject(DriverType.java:48)
	at web.driver.factory.DriverThread.instantiateWebDriver(DriverThread.java:45)
	at web.driver.factory.DriverThread.getDriver(DriverThread.java:17)
	at web.driver.factory.DriverFactory.getDriver(DriverFactory.java:42)
	at ui.LoginPageAT.GoogleTest1(LoginPageAT.java:47)

