<?xml version="1.0" encoding="UTF-8"?>
<!-- Generated by org.testng.reporters.JUnitReportReporter -->
<testsuite skipped="0" hostname="Antons-MacBook-Pro.local" name="ui.LoginPageAT" tests="1" failures="0" timestamp="06 May 2019 03:10:33 GMT" time="0.090" errors="1">
  <testcase name="GoogleTest1" time="0.090" classname="ui.LoginPageAT">
    <error type="java.lang.IllegalStateException" message="The driver executable does not exist: /Users/val/Desktop/qastarting_repo/src/test/resources/chromedriver">
      <![CDATA[java.lang.IllegalStateException: The driver executable does not exist: /Users/val/Desktop/qastarting_repo/src/test/resources/chromedriver
at com.google.common.base.Preconditions.checkState(Preconditions.java:518)
at org.openqa.selenium.remote.service.DriverService.checkExecutable(DriverService.java:136)
at org.openqa.selenium.remote.service.DriverService.findExecutable(DriverService.java:131)
at org.openqa.selenium.chrome.ChromeDriverService.access$000(ChromeDriverService.java:32)
at org.openqa.selenium.chrome.ChromeDriverService$Builder.findDefaultExecutable(ChromeDriverService.java:137)
at org.openqa.selenium.remote.service.DriverService$Builder.build(DriverService.java:330)
at org.openqa.selenium.chrome.ChromeDriverService.createDefaultService(ChromeDriverService.java:88)
at org.openqa.selenium.chrome.ChromeDriver.<init>(ChromeDriver.java:148)
at web.driver.factory.DriverType$2.getWebDriverObject(DriverType.java:48)
at web.driver.factory.DriverThread.instantiateWebDriver(DriverThread.java:45)
at web.driver.factory.DriverThread.getDriver(DriverThread.java:17)
at web.driver.factory.DriverFactory.getDriver(DriverFactory.java:42)
at ui.LoginPageAT.GoogleTest1(LoginPageAT.java:47)
at sun.reflect.NativeMethodAccessorImpl.invoke0(Native Method)
at sun.reflect.NativeMethodAccessorImpl.invoke(NativeMethodAccessorImpl.java:62)
at sun.reflect.DelegatingMethodAccessorImpl.invoke(DelegatingMethodAccessorImpl.java:43)
at java.lang.reflect.Method.invoke(Method.java:498)
at org.testng.internal.MethodInvocationHelper.invokeMethod(MethodInvocationHelper.java:124)
at org.testng.internal.Invoker.invokeMethod(Invoker.java:583)
at org.testng.internal.Invoker.invokeTestMethod(Invoker.java:719)
at org.testng.internal.Invoker.invokeTestMethods(Invoker.java:989)
at org.testng.internal.TestMethodWorker.invokeTestMethods(TestMethodWorker.java:125)
at org.testng.internal.TestMethodWorker.run(TestMethodWorker.java:109)
at java.util.concurrent.ThreadPoolExecutor.runWorker(ThreadPoolExecutor.java:1149)
at java.util.concurrent.ThreadPoolExecutor$Worker.run(ThreadPoolExecutor.java:624)
at java.lang.Thread.run(Thread.java:748)
]]>
    </error>
  </testcase> <!-- GoogleTest1 -->
</testsuite> <!-- ui.LoginPageAT -->
